  [4;36;1mSQL (0.5ms)[0m   [0;1m SELECT name
 FROM sqlite_master
 WHERE type = 'table' AND NOT name = 'sqlite_sequence'
[0m
  [4;35;1mSQL (0.1ms)[0m   [0mselect sqlite_version(*)[0m
  [4;36;1mSQL (2.3ms)[0m   [0;1mCREATE TABLE "schema_migrations" ("version" varchar(255) NOT NULL) [0m
  [4;35;1mSQL (0.8ms)[0m   [0mCREATE UNIQUE INDEX "unique_schema_migrations" ON "schema_migrations" ("version")[0m
  [4;36;1mSQL (0.1ms)[0m   [0;1m SELECT name
 FROM sqlite_master
 WHERE type = 'table' AND NOT name = 'sqlite_sequence'
[0m
  [4;35;1mSQL (0.1ms)[0m   [0mSELECT version FROM schema_migrations[0m
Migrating to CreateTeams (20101019133856)
  [4;36;1mSQL (0.4ms)[0m   [0;1mCREATE TABLE "teams" ("id" INTEGER PRIMARY KEY AUTOINCREMENT NOT NULL, "name" varchar(255), "created_at" datetime, "updated_at" datetime) [0m
  [4;35;1mSQL (0.1ms)[0m   [0mINSERT INTO schema_migrations (version) VALUES ('20101019133856')[0m
Migrating to CreatePlayers (20101019133911)
  [4;36;1mSQL (1.1ms)[0m   [0;1mCREATE TABLE "players" ("id" INTEGER PRIMARY KEY AUTOINCREMENT NOT NULL, "name" varchar(255), "created_at" datetime, "updated_at" datetime) [0m
  [4;35;1mSQL (0.1ms)[0m   [0mINSERT INTO schema_migrations (version) VALUES ('20101019133911')[0m
Migrating to CreateInteractions (20101019133923)
  [4;36;1mSQL (0.4ms)[0m   [0;1mCREATE TABLE "interactions" ("id" INTEGER PRIMARY KEY AUTOINCREMENT NOT NULL, "team_id" integer, "player_id" integer, "role_id" integer, "created_at" datetime, "updated_at" datetime) [0m
  [4;35;1mSQL (0.1ms)[0m   [0mINSERT INTO schema_migrations (version) VALUES ('20101019133923')[0m
Migrating to CreateRoles (20101019133936)
  [4;36;1mSQL (1.1ms)[0m   [0;1mCREATE TABLE "roles" ("id" INTEGER PRIMARY KEY AUTOINCREMENT NOT NULL, "name" varchar(255), "created_at" datetime, "updated_at" datetime) [0m
  [4;35;1mSQL (0.2ms)[0m   [0mINSERT INTO schema_migrations (version) VALUES ('20101019133936')[0m
  [4;36;1mSQL (0.3ms)[0m   [0;1m SELECT name
 FROM sqlite_master
 WHERE type = 'table' AND NOT name = 'sqlite_sequence'
[0m
  [4;35;1mSQL (0.1ms)[0m   [0mSELECT version FROM schema_migrations[0m
  [4;36;1mSQL (0.1ms)[0m   [0;1m SELECT name
 FROM sqlite_master
 WHERE type = 'table' AND NOT name = 'sqlite_sequence'
[0m
  [4;35;1mSQL (0.1ms)[0m   [0mPRAGMA index_list("interactions")[0m
  [4;36;1mSQL (0.0ms)[0m   [0;1mPRAGMA index_list("players")[0m
  [4;35;1mSQL (0.0ms)[0m   [0mPRAGMA index_list("roles")[0m
  [4;36;1mSQL (0.0ms)[0m   [0;1mPRAGMA index_list("teams")[0m
  [4;36;1mSQL (0.6ms)[0m   [0;1m SELECT name
 FROM sqlite_master
 WHERE type = 'table' AND NOT name = 'sqlite_sequence'
[0m
  [4;35;1mSQL (0.4ms)[0m   [0mselect sqlite_version(*)[0m
  [4;36;1mSQL (1.0ms)[0m   [0;1mCREATE TABLE "schema_migrations" ("version" varchar(255) NOT NULL) [0m
  [4;35;1mSQL (0.7ms)[0m   [0mCREATE UNIQUE INDEX "unique_schema_migrations" ON "schema_migrations" ("version")[0m
  [4;36;1mSQL (0.1ms)[0m   [0;1m SELECT name
 FROM sqlite_master
 WHERE type = 'table' AND NOT name = 'sqlite_sequence'
[0m
  [4;35;1mSQL (0.1ms)[0m   [0mSELECT version FROM schema_migrations[0m
Migrating to CreateTeams (20101019133856)
  [4;36;1mSQL (0.5ms)[0m   [0;1mCREATE TABLE "teams" ("id" INTEGER PRIMARY KEY AUTOINCREMENT NOT NULL, "name" varchar(255), "created_at" datetime, "updated_at" datetime) [0m
  [4;35;1mSQL (0.1ms)[0m   [0mINSERT INTO schema_migrations (version) VALUES ('20101019133856')[0m
Migrating to CreateUsers (20101019133911)
  [4;36;1mSQL (0.4ms)[0m   [0;1mCREATE TABLE "users" ("id" INTEGER PRIMARY KEY AUTOINCREMENT NOT NULL, "name" varchar(255), "created_at" datetime, "updated_at" datetime) [0m
  [4;35;1mSQL (0.1ms)[0m   [0mINSERT INTO schema_migrations (version) VALUES ('20101019133911')[0m
Migrating to CreateInteractions (20101019133923)
  [4;36;1mSQL (0.5ms)[0m   [0;1mCREATE TABLE "interactions" ("id" INTEGER PRIMARY KEY AUTOINCREMENT NOT NULL, "team_id" integer, "player_id" integer, "role_id" integer, "created_at" datetime, "updated_at" datetime) [0m
  [4;35;1mSQL (0.1ms)[0m   [0mINSERT INTO schema_migrations (version) VALUES ('20101019133923')[0m
Migrating to CreateRoles (20101019133936)
  [4;36;1mSQL (0.5ms)[0m   [0;1mCREATE TABLE "roles" ("id" INTEGER PRIMARY KEY AUTOINCREMENT NOT NULL, "name" varchar(255), "created_at" datetime, "updated_at" datetime) [0m
  [4;35;1mSQL (0.1ms)[0m   [0mINSERT INTO schema_migrations (version) VALUES ('20101019133936')[0m
  [4;36;1mSQL (0.3ms)[0m   [0;1m SELECT name
 FROM sqlite_master
 WHERE type = 'table' AND NOT name = 'sqlite_sequence'
[0m
  [4;35;1mSQL (0.1ms)[0m   [0mSELECT version FROM schema_migrations[0m
  [4;36;1mSQL (0.1ms)[0m   [0;1m SELECT name
 FROM sqlite_master
 WHERE type = 'table' AND NOT name = 'sqlite_sequence'
[0m
  [4;35;1mSQL (0.1ms)[0m   [0mPRAGMA index_list("interactions")[0m
  [4;36;1mSQL (0.0ms)[0m   [0;1mPRAGMA index_list("roles")[0m
  [4;35;1mSQL (0.0ms)[0m   [0mPRAGMA index_list("teams")[0m
  [4;36;1mSQL (0.0ms)[0m   [0;1mPRAGMA index_list("users")[0m
  [4;36;1mRole Load (0.2ms)[0m   [0;1mSELECT * FROM "roles" WHERE ("roles"."name" = 'player') LIMIT 1[0m
  [4;35;1mRole Create (0.5ms)[0m   [0mINSERT INTO "roles" ("name", "created_at", "updated_at") VALUES('player', '2010-10-19 13:48:15', '2010-10-19 13:48:15')[0m
  [4;36;1mRole Load (0.2ms)[0m   [0;1mSELECT * FROM "roles" WHERE ("roles"."name" = 'player') LIMIT 1[0m
  [4;35;1mUser Create (0.4ms)[0m   [0mINSERT INTO "users" ("name", "created_at", "updated_at") VALUES('John Doe', '2010-10-19 13:48:39', '2010-10-19 13:48:39')[0m
  [4;36;1mTeam Create (0.4ms)[0m   [0;1mINSERT INTO "teams" ("name", "created_at", "updated_at") VALUES('Tigers', '2010-10-19 13:48:57', '2010-10-19 13:48:57')[0m
  [4;35;1mTeam Create (0.4ms)[0m   [0mINSERT INTO "teams" ("name", "created_at", "updated_at") VALUES('Tigers', '2010-10-19 13:48:57', '2010-10-19 13:48:57')[0m
  [4;36;1mSQL (0.4ms)[0m   [0;1m SELECT name
 FROM sqlite_master
 WHERE type = 'table' AND NOT name = 'sqlite_sequence'
[0m
  [4;35;1mSQL (0.1ms)[0m   [0mselect sqlite_version(*)[0m
  [4;36;1mSQL (1.0ms)[0m   [0;1mCREATE TABLE "schema_migrations" ("version" varchar(255) NOT NULL) [0m
  [4;35;1mSQL (0.7ms)[0m   [0mCREATE UNIQUE INDEX "unique_schema_migrations" ON "schema_migrations" ("version")[0m
  [4;36;1mSQL (0.1ms)[0m   [0;1m SELECT name
 FROM sqlite_master
 WHERE type = 'table' AND NOT name = 'sqlite_sequence'
[0m
  [4;35;1mSQL (0.1ms)[0m   [0mSELECT version FROM schema_migrations[0m
Migrating to CreateTeams (20101019133856)
  [4;36;1mSQL (0.5ms)[0m   [0;1mCREATE TABLE "teams" ("id" INTEGER PRIMARY KEY AUTOINCREMENT NOT NULL, "name" varchar(255), "created_at" datetime, "updated_at" datetime) [0m
  [4;35;1mSQL (0.1ms)[0m   [0mINSERT INTO schema_migrations (version) VALUES ('20101019133856')[0m
Migrating to CreateUsers (20101019133911)
  [4;36;1mSQL (0.5ms)[0m   [0;1mCREATE TABLE "users" ("id" INTEGER PRIMARY KEY AUTOINCREMENT NOT NULL, "name" varchar(255), "created_at" datetime, "updated_at" datetime) [0m
  [4;35;1mSQL (0.1ms)[0m   [0mINSERT INTO schema_migrations (version) VALUES ('20101019133911')[0m
Migrating to CreateInteractions (20101019133923)
  [4;36;1mSQL (0.4ms)[0m   [0;1mCREATE TABLE "interactions" ("id" INTEGER PRIMARY KEY AUTOINCREMENT NOT NULL, "team_id" integer, "user_id" integer, "role_id" integer, "created_at" datetime, "updated_at" datetime) [0m
  [4;35;1mSQL (0.1ms)[0m   [0mINSERT INTO schema_migrations (version) VALUES ('20101019133923')[0m
Migrating to CreateRoles (20101019133936)
  [4;36;1mSQL (0.7ms)[0m   [0;1mCREATE TABLE "roles" ("id" INTEGER PRIMARY KEY AUTOINCREMENT NOT NULL, "name" varchar(255), "created_at" datetime, "updated_at" datetime) [0m
  [4;35;1mSQL (0.1ms)[0m   [0mINSERT INTO schema_migrations (version) VALUES ('20101019133936')[0m
  [4;36;1mSQL (0.4ms)[0m   [0;1m SELECT name
 FROM sqlite_master
 WHERE type = 'table' AND NOT name = 'sqlite_sequence'
[0m
  [4;35;1mSQL (0.1ms)[0m   [0mSELECT version FROM schema_migrations[0m
  [4;36;1mSQL (0.4ms)[0m   [0;1m SELECT name
 FROM sqlite_master
 WHERE type = 'table' AND NOT name = 'sqlite_sequence'
[0m
  [4;35;1mSQL (0.1ms)[0m   [0mPRAGMA index_list("interactions")[0m
  [4;36;1mSQL (0.0ms)[0m   [0;1mPRAGMA index_list("roles")[0m
  [4;35;1mSQL (0.0ms)[0m   [0mPRAGMA index_list("teams")[0m
  [4;36;1mSQL (0.0ms)[0m   [0;1mPRAGMA index_list("users")[0m
  [4;36;1mTeam Create (0.4ms)[0m   [0;1mINSERT INTO "teams" ("name", "created_at", "updated_at") VALUES('Tigers', '2010-10-19 13:48:57', '2010-10-19 13:48:57')[0m
  [4;36;1mRole Create (0.5ms)[0m   [0;1mINSERT INTO "roles" ("name", "created_at", "updated_at") VALUES('player', '2010-10-19 13:49:57', '2010-10-19 13:49:57')[0m
  [4;35;1mRole Load (0.2ms)[0m   [0mSELECT * FROM "roles" WHERE ("roles"."name" = 'player') LIMIT 1[0m
  [4;36;1mTeam Create (0.4ms)[0m   [0;1mINSERT INTO "teams" ("name", "created_at", "updated_at") VALUES('Tigers', '2010-10-19 13:50:04', '2010-10-19 13:50:04')[0m
  [4;35;1mUser Create (0.4ms)[0m   [0mINSERT INTO "users" ("name", "created_at", "updated_at") VALUES('John Doe', '2010-10-19 13:50:14', '2010-10-19 13:50:14')[0m
  [4;36;1mInteraction Create (0.4ms)[0m   [0;1mINSERT INTO "interactions" ("team_id", "user_id", "role_id", "created_at", "updated_at") VALUES(1, 1, 1, '2010-10-19 13:50:14', '2010-10-19 13:50:14')[0m
  [4;35;1mUser Load (0.2ms)[0m   [0mSELECT "users".* FROM "users" INNER JOIN "interactions" ON "users".id = "interactions".user_id WHERE (("interactions".team_id = 1) AND ((interactions.role_id = 1))) [0m
  [4;36;1mTeam Load (0.2ms)[0m   [0;1mSELECT * FROM "teams" WHERE ("teams"."id" = 1) [0m
  [4;35;1mSQL (0.2ms)[0m   [0mSELECT count(*) AS count_all FROM "users" [0m
  [4;36;1mUser Load (0.2ms)[0m   [0;1mSELECT * FROM "users" LIMIT 1[0m
  [4;35;1mSQL (0.2ms)[0m   [0mSELECT count(*) AS count_all FROM "interactions" [0m
  [4;36;1mInteraction Load (0.3ms)[0m   [0;1mSELECT * FROM "interactions" LIMIT 1[0m
  [4;35;1mUser Load (0.2ms)[0m   [0mSELECT "users".* FROM "users" INNER JOIN "interactions" ON "users".id = "interactions".user_id WHERE (("interactions".team_id = 1) AND ((interactions.role_id = 1))) [0m
  [4;36;1mTeam Load (0.2ms)[0m   [0;1mSELECT * FROM "teams" WHERE ("teams"."id" = 1) [0m
  [4;35;1mTeam Load (0.2ms)[0m   [0mSELECT * FROM "teams" LIMIT 1[0m
  [4;36;1mUser Load (1.3ms)[0m   [0;1mSELECT "users".* FROM "users" INNER JOIN "interactions" ON "users".id = "interactions".user_id WHERE (("interactions".team_id = 1) AND ((interactions.role_id = 1))) [0m
  [4;35;1mRole Load (0.2ms)[0m   [0mSELECT * FROM "roles" LIMIT 1[0m
  [4;36;1mUser Load (0.2ms)[0m   [0;1mSELECT "users".* FROM "users" INNER JOIN "interactions" ON "users".id = "interactions".user_id WHERE (("interactions".role_id = 1)) [0m
  [4;35;1mTeam Create (0.4ms)[0m   [0mINSERT INTO "teams" ("name", "created_at", "updated_at") VALUES('Doves', '2010-10-19 13:51:35', '2010-10-19 13:51:35')[0m
  [4;36;1mUser Create (0.1ms)[0m   [0;1mINSERT INTO "users" ("name", "created_at", "updated_at") VALUES('Bill B', '2010-10-19 13:51:35', '2010-10-19 13:51:35')[0m
  [4;35;1mInteraction Create (0.2ms)[0m   [0mINSERT INTO "interactions" ("team_id", "user_id", "role_id", "created_at", "updated_at") VALUES(2, 2, NULL, '2010-10-19 13:51:35', '2010-10-19 13:51:35')[0m
  [4;36;1mInteraction Create (0.1ms)[0m   [0;1mINSERT INTO "interactions" ("team_id", "user_id", "role_id", "created_at", "updated_at") VALUES(2, 2, NULL, '2010-10-19 13:51:35', '2010-10-19 13:51:35')[0m
  [4;35;1mTeam Load (0.2ms)[0m   [0mSELECT * FROM "teams" WHERE ("teams"."id" = 2) [0m
  [4;36;1mUser Load (0.2ms)[0m   [0;1mSELECT "users".* FROM "users" INNER JOIN "interactions" ON "users".id = "interactions".user_id WHERE (("interactions".team_id = 2) AND ((interactions.role_id = 1))) [0m
  [4;36;1mRole Load (0.7ms)[0m   [0;1mSELECT * FROM "roles" LIMIT 1[0m
  [4;35;1mRole Destroy (1.0ms)[0m   [0mDELETE FROM "roles" WHERE "id" = 1[0m
  [4;36;1mRole Load (0.9ms)[0m   [0;1mSELECT * FROM "roles" LIMIT 1[0m
  [4;35;1mRole Load (0.2ms)[0m   [0mSELECT * FROM "roles" LIMIT 1[0m
  [4;36;1mRole Create (7.5ms)[0m   [0;1mINSERT INTO "roles" ("name", "created_at", "updated_at") VALUES('player', '2010-10-19 14:00:26', '2010-10-19 14:00:26')[0m
  [4;36;1mRole Load (1.0ms)[0m   [0;1mSELECT * FROM "roles" LIMIT 1[0m
  [4;36;1mSQL (0.6ms)[0m   [0;1mselect sqlite_version(*)[0m
  [4;35;1mSQL (0.7ms)[0m   [0m SELECT name
 FROM sqlite_master
 WHERE type = 'table' AND NOT name = 'sqlite_sequence'
[0m
  [4;36;1mSQL (0.1ms)[0m   [0;1mSELECT version FROM schema_migrations[0m
  [4;35;1mSQL (0.1ms)[0m   [0m SELECT name
 FROM sqlite_master
 WHERE type = 'table' AND NOT name = 'sqlite_sequence'
[0m
  [4;36;1mSQL (0.1ms)[0m   [0;1mPRAGMA index_list("interactions")[0m
  [4;35;1mSQL (0.0ms)[0m   [0mPRAGMA index_list("roles")[0m
  [4;36;1mSQL (0.1ms)[0m   [0;1mPRAGMA index_list("teams")[0m
  [4;35;1mSQL (0.1ms)[0m   [0mPRAGMA index_list("users")[0m
  [4;36;1mSQL (1.5ms)[0m   [0;1mselect sqlite_version(*)[0m
  [4;35;1mSQL (0.1ms)[0m   [0m SELECT name
 FROM sqlite_master
 WHERE type = 'table' AND NOT name = 'sqlite_sequence'
[0m
  [4;36;1mSQL (1.7ms)[0m   [0;1mCREATE TABLE "interactions" ("id" INTEGER PRIMARY KEY AUTOINCREMENT NOT NULL, "team_id" integer, "user_id" integer, "role_id" integer, "created_at" datetime, "updated_at" datetime) [0m
  [4;35;1mSQL (0.2ms)[0m   [0m SELECT name
 FROM sqlite_master
 WHERE type = 'table' AND NOT name = 'sqlite_sequence'
[0m
  [4;36;1mSQL (0.9ms)[0m   [0;1mCREATE TABLE "roles" ("id" INTEGER PRIMARY KEY AUTOINCREMENT NOT NULL, "name" varchar(255), "created_at" datetime, "updated_at" datetime) [0m
  [4;35;1mSQL (0.2ms)[0m   [0m SELECT name
 FROM sqlite_master
 WHERE type = 'table' AND NOT name = 'sqlite_sequence'
[0m
  [4;36;1mSQL (1.1ms)[0m   [0;1mCREATE TABLE "teams" ("id" INTEGER PRIMARY KEY AUTOINCREMENT NOT NULL, "name" varchar(255), "created_at" datetime, "updated_at" datetime) [0m
  [4;35;1mSQL (0.2ms)[0m   [0m SELECT name
 FROM sqlite_master
 WHERE type = 'table' AND NOT name = 'sqlite_sequence'
[0m
  [4;36;1mSQL (1.0ms)[0m   [0;1mCREATE TABLE "users" ("id" INTEGER PRIMARY KEY AUTOINCREMENT NOT NULL, "name" varchar(255), "created_at" datetime, "updated_at" datetime) [0m
  [4;35;1mSQL (0.2ms)[0m   [0m SELECT name
 FROM sqlite_master
 WHERE type = 'table' AND NOT name = 'sqlite_sequence'
[0m
  [4;36;1mSQL (1.0ms)[0m   [0;1mCREATE TABLE "schema_migrations" ("version" varchar(255) NOT NULL) [0m
  [4;35;1mSQL (1.8ms)[0m   [0mCREATE UNIQUE INDEX "unique_schema_migrations" ON "schema_migrations" ("version")[0m
  [4;36;1mSQL (0.2ms)[0m   [0;1m SELECT name
 FROM sqlite_master
 WHERE type = 'table' AND NOT name = 'sqlite_sequence'
[0m
  [4;35;1mSQL (0.1ms)[0m   [0mSELECT version FROM "schema_migrations"[0m
  [4;36;1mSQL (1.5ms)[0m   [0;1mINSERT INTO "schema_migrations" (version) VALUES ('20101019133936')[0m
  [4;35;1mSQL (0.7ms)[0m   [0mINSERT INTO "schema_migrations" (version) VALUES ('20101019133856')[0m
  [4;36;1mSQL (0.6ms)[0m   [0;1mINSERT INTO "schema_migrations" (version) VALUES ('20101019133911')[0m
  [4;35;1mSQL (0.6ms)[0m   [0mINSERT INTO "schema_migrations" (version) VALUES ('20101019133923')[0m
  [4;36;1mSQL (0.8ms)[0m   [0;1m SELECT name
 FROM sqlite_master
 WHERE type = 'table' AND NOT name = 'sqlite_sequence'
[0m
  [4;35;1mSQL (0.1ms)[0m   [0mSELECT version FROM schema_migrations[0m
  [4;36;1mSQL (0.2ms)[0m   [0;1mselect sqlite_version(*)[0m
  [4;35;1mSQL (0.1ms)[0m   [0m SELECT name
 FROM sqlite_master
 WHERE type = 'table' AND NOT name = 'sqlite_sequence'
[0m
  [4;36;1mSQL (3.0ms)[0m   [0;1mCREATE TABLE "interactions" ("id" INTEGER PRIMARY KEY AUTOINCREMENT NOT NULL, "team_id" integer, "user_id" integer, "role_id" integer, "created_at" datetime, "updated_at" datetime) [0m
  [4;35;1mSQL (0.2ms)[0m   [0m SELECT name
 FROM sqlite_master
 WHERE type = 'table' AND NOT name = 'sqlite_sequence'
[0m
  [4;36;1mSQL (1.2ms)[0m   [0;1mCREATE TABLE "roles" ("id" INTEGER PRIMARY KEY AUTOINCREMENT NOT NULL, "name" varchar(255), "created_at" datetime, "updated_at" datetime) [0m
  [4;35;1mSQL (0.2ms)[0m   [0m SELECT name
 FROM sqlite_master
 WHERE type = 'table' AND NOT name = 'sqlite_sequence'
[0m
  [4;36;1mSQL (0.9ms)[0m   [0;1mCREATE TABLE "teams" ("id" INTEGER PRIMARY KEY AUTOINCREMENT NOT NULL, "name" varchar(255), "created_at" datetime, "updated_at" datetime) [0m
  [4;35;1mSQL (0.1ms)[0m   [0m SELECT name
 FROM sqlite_master
 WHERE type = 'table' AND NOT name = 'sqlite_sequence'
[0m
  [4;36;1mSQL (0.8ms)[0m   [0;1mCREATE TABLE "users" ("id" INTEGER PRIMARY KEY AUTOINCREMENT NOT NULL, "name" varchar(255), "created_at" datetime, "updated_at" datetime) [0m
  [4;35;1mSQL (0.2ms)[0m   [0m SELECT name
 FROM sqlite_master
 WHERE type = 'table' AND NOT name = 'sqlite_sequence'
[0m
  [4;36;1mSQL (0.8ms)[0m   [0;1mCREATE TABLE "schema_migrations" ("version" varchar(255) NOT NULL) [0m
  [4;35;1mSQL (0.9ms)[0m   [0mCREATE UNIQUE INDEX "unique_schema_migrations" ON "schema_migrations" ("version")[0m
  [4;36;1mSQL (1.4ms)[0m   [0;1m SELECT name
 FROM sqlite_master
 WHERE type = 'table' AND NOT name = 'sqlite_sequence'
[0m
  [4;35;1mSQL (0.2ms)[0m   [0mSELECT version FROM "schema_migrations"[0m
  [4;36;1mSQL (0.8ms)[0m   [0;1mINSERT INTO "schema_migrations" (version) VALUES ('20101019133936')[0m
  [4;35;1mSQL (0.8ms)[0m   [0mINSERT INTO "schema_migrations" (version) VALUES ('20101019133856')[0m
  [4;36;1mSQL (0.7ms)[0m   [0;1mINSERT INTO "schema_migrations" (version) VALUES ('20101019133911')[0m
  [4;35;1mSQL (0.7ms)[0m   [0mINSERT INTO "schema_migrations" (version) VALUES ('20101019133923')[0m
  [4;36;1mSQL (0.7ms)[0m   [0;1m SELECT name
 FROM sqlite_master
 WHERE type = 'table' AND NOT name = 'sqlite_sequence'
[0m
  [4;35;1mSQL (0.1ms)[0m   [0mSELECT version FROM schema_migrations[0m
  [4;36;1mSQL (0.3ms)[0m   [0;1mselect sqlite_version(*)[0m
  [4;35;1mSQL (0.1ms)[0m   [0m SELECT name
 FROM sqlite_master
 WHERE type = 'table' AND NOT name = 'sqlite_sequence'
[0m
  [4;36;1mSQL (1.1ms)[0m   [0;1mCREATE TABLE "interactions" ("id" INTEGER PRIMARY KEY AUTOINCREMENT NOT NULL, "team_id" integer, "user_id" integer, "role_id" integer, "created_at" datetime, "updated_at" datetime) [0m
  [4;35;1mSQL (0.1ms)[0m   [0m SELECT name
 FROM sqlite_master
 WHERE type = 'table' AND NOT name = 'sqlite_sequence'
[0m
  [4;36;1mSQL (1.0ms)[0m   [0;1mCREATE TABLE "roles" ("id" INTEGER PRIMARY KEY AUTOINCREMENT NOT NULL, "name" varchar(255), "created_at" datetime, "updated_at" datetime) [0m
  [4;35;1mSQL (0.2ms)[0m   [0m SELECT name
 FROM sqlite_master
 WHERE type = 'table' AND NOT name = 'sqlite_sequence'
[0m
  [4;36;1mSQL (0.9ms)[0m   [0;1mCREATE TABLE "teams" ("id" INTEGER PRIMARY KEY AUTOINCREMENT NOT NULL, "name" varchar(255), "created_at" datetime, "updated_at" datetime) [0m
  [4;35;1mSQL (0.2ms)[0m   [0m SELECT name
 FROM sqlite_master
 WHERE type = 'table' AND NOT name = 'sqlite_sequence'
[0m
  [4;36;1mSQL (0.8ms)[0m   [0;1mCREATE TABLE "users" ("id" INTEGER PRIMARY KEY AUTOINCREMENT NOT NULL, "name" varchar(255), "created_at" datetime, "updated_at" datetime) [0m
  [4;35;1mSQL (0.1ms)[0m   [0m SELECT name
 FROM sqlite_master
 WHERE type = 'table' AND NOT name = 'sqlite_sequence'
[0m
  [4;36;1mSQL (1.2ms)[0m   [0;1mCREATE TABLE "schema_migrations" ("version" varchar(255) NOT NULL) [0m
  [4;35;1mSQL (4.9ms)[0m   [0mCREATE UNIQUE INDEX "unique_schema_migrations" ON "schema_migrations" ("version")[0m
  [4;36;1mSQL (0.2ms)[0m   [0;1m SELECT name
 FROM sqlite_master
 WHERE type = 'table' AND NOT name = 'sqlite_sequence'
[0m
  [4;35;1mSQL (0.1ms)[0m   [0mSELECT version FROM "schema_migrations"[0m
  [4;36;1mSQL (1.7ms)[0m   [0;1mINSERT INTO "schema_migrations" (version) VALUES ('20101019133936')[0m
  [4;35;1mSQL (0.7ms)[0m   [0mINSERT INTO "schema_migrations" (version) VALUES ('20101019133856')[0m
  [4;36;1mSQL (0.9ms)[0m   [0;1mINSERT INTO "schema_migrations" (version) VALUES ('20101019133911')[0m
  [4;35;1mSQL (1.0ms)[0m   [0mINSERT INTO "schema_migrations" (version) VALUES ('20101019133923')[0m


Processing TeamsController#new (for 127.0.0.1 at 2010-10-19 10:25:35) [GET]
  [4;36;1mRole Load (0.2ms)[0m   [0;1mSELECT * FROM "roles" WHERE ("roles"."name" = 'player') LIMIT 1[0m
Rendering teams/new
Completed in 142ms (View: 87, DB: 0) | 200 OK [http://localhost/teams/new]


Processing TeamsController#create (for 127.0.0.1 at 2010-10-19 10:25:54) [POST]
  Parameters: {"authenticity_token"=>"dNKHVRpGmBk5rGV6uTK/HE7dPWtUPRtWzYk+UWCvmUI=", "team"=>{"name"=>"Tigers"}, "commit"=>"Save changes"}
  [4;35;1mRole Load (0.2ms)[0m   [0mSELECT * FROM "roles" WHERE ("roles"."name" = 'player') LIMIT 1[0m
  [4;36;1mTeam Create (1.2ms)[0m   [0;1mINSERT INTO "teams" ("name", "created_at", "updated_at") VALUES('Tigers', '2010-10-19 14:25:54', '2010-10-19 14:25:54')[0m
Redirected to http://localhost:3000/teams/3
Completed in 23ms (DB: 1) | 302 Found [http://localhost/teams]


Processing TeamsController#show (for 127.0.0.1 at 2010-10-19 10:25:54) [GET]
  Parameters: {"id"=>"3"}
  [4;35;1mRole Load (0.4ms)[0m   [0mSELECT * FROM "roles" WHERE ("roles"."name" = 'player') LIMIT 1[0m
  [4;36;1mTeam Load (0.2ms)[0m   [0;1mSELECT * FROM "teams" WHERE ("teams"."id" = 3) [0m
Rendering teams/show
Completed in 26ms (View: 9, DB: 1) | 200 OK [http://localhost/teams/3]


Processing TeamsController#edit (for 127.0.0.1 at 2010-10-19 10:25:58) [GET]
  Parameters: {"id"=>"3"}
  [4;35;1mRole Load (0.2ms)[0m   [0mSELECT * FROM "roles" WHERE ("roles"."name" = 'player') LIMIT 1[0m
  [4;36;1mTeam Load (0.2ms)[0m   [0;1mSELECT * FROM "teams" WHERE ("teams"."id" = 3) [0m
Rendering teams/edit
Completed in 23ms (View: 7, DB: 0) | 200 OK [http://localhost/teams/3/edit]


Processing TeamsController#edit (for 127.0.0.1 at 2010-10-19 10:26:44) [GET]
  Parameters: {"id"=>"3"}
  [4;35;1mRole Load (0.2ms)[0m   [0mSELECT * FROM "roles" WHERE ("roles"."name" = 'player') LIMIT 1[0m
  [4;36;1mTeam Load (0.2ms)[0m   [0;1mSELECT * FROM "teams" WHERE ("teams"."id" = 3) [0m
Rendering teams/edit
Completed in 18ms (View: 1, DB: 0) | 200 OK [http://localhost/teams/3/edit]


Processing TeamsController#new (for 127.0.0.1 at 2010-10-19 10:26:46) [GET]
  [4;35;1mRole Load (0.2ms)[0m   [0mSELECT * FROM "roles" WHERE ("roles"."name" = 'player') LIMIT 1[0m
Rendering teams/new
Rendered teams/_inputs (1.6ms)
Completed in 67ms (View: 20, DB: 0) | 200 OK [http://localhost/teams/new]


Processing TeamsController#new (for 127.0.0.1 at 2010-10-19 10:26:47) [GET]
  [4;36;1mRole Load (0.2ms)[0m   [0;1mSELECT * FROM "roles" WHERE ("roles"."name" = 'player') LIMIT 1[0m
Rendering teams/new
Rendered teams/_inputs (1.0ms)
Completed in 19ms (View: 3, DB: 0) | 200 OK [http://localhost/teams/new]


Processing TeamsController#new (for 127.0.0.1 at 2010-10-19 10:26:58) [GET]
  [4;35;1mRole Load (0.2ms)[0m   [0mSELECT * FROM "roles" WHERE ("roles"."name" = 'player') LIMIT 1[0m
Rendering teams/new
Rendered teams/_inputs (1.1ms)
Completed in 59ms (View: 10, DB: 0) | 200 OK [http://localhost/teams/new]


Processing TeamsController#edit (for 127.0.0.1 at 2010-10-19 10:27:11) [GET]
  Parameters: {"id"=>"3"}
  [4;36;1mRole Load (0.2ms)[0m   [0;1mSELECT * FROM "roles" WHERE ("roles"."name" = 'player') LIMIT 1[0m
  [4;35;1mTeam Load (0.2ms)[0m   [0mSELECT * FROM "teams" WHERE ("teams"."id" = 3) [0m
Rendering teams/edit
Rendered teams/_inputs (1.2ms)
Completed in 27ms (View: 10, DB: 0) | 200 OK [http://localhost/teams/3/edit]


Processing TeamsController#update (for 127.0.0.1 at 2010-10-19 10:27:28) [PUT]
  Parameters: {"authenticity_token"=>"dNKHVRpGmBk5rGV6uTK/HE7dPWtUPRtWzYk+UWCvmUI=", "team"=>{"name"=>"Bears"}, "commit"=>"Save changes", "id"=>"3"}
  [4;36;1mRole Load (0.2ms)[0m   [0;1mSELECT * FROM "roles" WHERE ("roles"."name" = 'player') LIMIT 1[0m
  [4;35;1mTeam Load (0.2ms)[0m   [0mSELECT * FROM "teams" WHERE ("teams"."id" = 3) [0m
  [4;36;1mTeam Update (0.9ms)[0m   [0;1mUPDATE "teams" SET "name" = 'Bears', "updated_at" = '2010-10-19 14:27:28' WHERE "id" = 3[0m
Redirected to http://localhost:3000/teams/3
Completed in 62ms (DB: 1) | 302 Found [http://localhost/teams/3]


Processing TeamsController#show (for 127.0.0.1 at 2010-10-19 10:27:28) [GET]
  Parameters: {"id"=>"3"}
  [4;35;1mRole Load (0.2ms)[0m   [0mSELECT * FROM "roles" WHERE ("roles"."name" = 'player') LIMIT 1[0m
  [4;36;1mTeam Load (0.2ms)[0m   [0;1mSELECT * FROM "teams" WHERE ("teams"."id" = 3) [0m
Rendering teams/show
Completed in 20ms (View: 2, DB: 0) | 200 OK [http://localhost/teams/3]


Processing TeamsController#show (for 127.0.0.1 at 2010-10-19 10:28:20) [GET]
  Parameters: {"id"=>"3"}
  [4;35;1mRole Load (0.2ms)[0m   [0mSELECT * FROM "roles" WHERE ("roles"."name" = 'player') LIMIT 1[0m
  [4;36;1mTeam Load (0.2ms)[0m   [0;1mSELECT * FROM "teams" WHERE ("teams"."id" = 3) [0m
Rendering teams/show
Completed in 19ms (View: 2, DB: 0) | 200 OK [http://localhost/teams/3]


Processing TeamsController#new (for 127.0.0.1 at 2010-10-19 10:28:22) [GET]
  [4;35;1mRole Load (0.2ms)[0m   [0mSELECT * FROM "roles" WHERE ("roles"."name" = 'player') LIMIT 1[0m
Rendering teams/new
Rendered teams/_inputs (16.6ms)
Completed in 43ms (View: 25, DB: 0) | 200 OK [http://localhost/teams/new]


Processing TeamsController#new (for 127.0.0.1 at 2010-10-19 10:28:23) [GET]
  [4;36;1mRole Load (0.2ms)[0m   [0;1mSELECT * FROM "roles" WHERE ("roles"."name" = 'player') LIMIT 1[0m
Rendering teams/new
Rendered teams/_inputs (45.1ms)
Completed in 62ms (View: 47, DB: 0) | 200 OK [http://localhost/teams/new]


Processing TeamsController#new (for 127.0.0.1 at 2010-10-19 10:28:40) [GET]
  [4;35;1mRole Load (0.2ms)[0m   [0mSELECT * FROM "roles" WHERE ("roles"."name" = 'player') LIMIT 1[0m
Rendering teams/new

ActionView::TemplateError (undefined local variable or method `name' for #<ActionView::Base:0x000001016c3818>) on line #9 of app/views/teams/_inputs.html.erb:
6:   <% f.fields_for :players do |p| %>
7:     <p>
8:       Player Name:
9:       <%= p.text_field name %>
10:     <p>
11:   <% end %>
12: 

    app/views/teams/_inputs.html.erb:9:in `block in _run_erb_app47views47teams47_inputs46html46erb_locals_f_inputs_object'
    app/views/teams/_inputs.html.erb:6
    app/views/teams/new.html.erb:2:in `block in _run_erb_app47views47teams47new46html46erb'
    app/views/teams/new.html.erb:1
    <internal:prelude>:10:in `synchronize'
    /Users/jacob/.rvm/rubies/ruby-1.9.2-p0/lib/ruby/1.9.1/webrick/httpserver.rb:111:in `service'
    /Users/jacob/.rvm/rubies/ruby-1.9.2-p0/lib/ruby/1.9.1/webrick/httpserver.rb:70:in `run'
    /Users/jacob/.rvm/rubies/ruby-1.9.2-p0/lib/ruby/1.9.1/webrick/server.rb:183:in `block in start_thread'

Rendered rescues/_trace (70.7ms)
Rendered rescues/_request_and_response (1.3ms)
Rendering rescues/layout (internal_server_error)


Processing TeamsController#new (for 127.0.0.1 at 2010-10-19 10:28:52) [GET]
  [4;36;1mRole Load (0.3ms)[0m   [0;1mSELECT * FROM "roles" WHERE ("roles"."name" = 'player') LIMIT 1[0m
Rendering teams/new
Rendered teams/_inputs (3.9ms)
Completed in 66ms (View: 12, DB: 0) | 200 OK [http://localhost/teams/new]


Processing TeamsController#create (for 127.0.0.1 at 2010-10-19 10:29:21) [POST]
  Parameters: {"authenticity_token"=>"dNKHVRpGmBk5rGV6uTK/HE7dPWtUPRtWzYk+UWCvmUI=", "team"=>{"name"=>"Tigers", "players_attributes"=>{"0"=>{"name"=>"Bob"}}}, "commit"=>"Save changes"}
  [4;35;1mRole Load (0.2ms)[0m   [0mSELECT * FROM "roles" WHERE ("roles"."name" = 'player') LIMIT 1[0m
  [4;36;1mTeam Create (0.4ms)[0m   [0;1mINSERT INTO "teams" ("name", "created_at", "updated_at") VALUES('Tigers', '2010-10-19 14:29:21', '2010-10-19 14:29:21')[0m
  [4;35;1mUser Create (0.2ms)[0m   [0mINSERT INTO "users" ("name", "created_at", "updated_at") VALUES('Bob', '2010-10-19 14:29:21', '2010-10-19 14:29:21')[0m
  [4;36;1mInteraction Create (0.2ms)[0m   [0;1mINSERT INTO "interactions" ("team_id", "user_id", "role_id", "created_at", "updated_at") VALUES(4, 3, NULL, '2010-10-19 14:29:21', '2010-10-19 14:29:21')[0m
  [4;35;1mInteraction Create (0.1ms)[0m   [0mINSERT INTO "interactions" ("team_id", "user_id", "role_id", "created_at", "updated_at") VALUES(4, 3, NULL, '2010-10-19 14:29:21', '2010-10-19 14:29:21')[0m
Redirected to http://localhost:3000/teams/4
Completed in 93ms (DB: 1) | 302 Found [http://localhost/teams]


Processing TeamsController#show (for 127.0.0.1 at 2010-10-19 10:29:21) [GET]
  Parameters: {"id"=>"4"}
  [4;36;1mRole Load (0.2ms)[0m   [0;1mSELECT * FROM "roles" WHERE ("roles"."name" = 'player') LIMIT 1[0m
  [4;35;1mTeam Load (0.2ms)[0m   [0mSELECT * FROM "teams" WHERE ("teams"."id" = 4) [0m
  [4;36;1mInteraction Load (0.5ms)[0m   [0;1mSELECT "interactions".* FROM "interactions" WHERE ("interactions".team_id = 4) [0m
  [4;35;1mUser Load (0.0ms)[0m   [0mSQLite3::SQLException: no such column: interactions.role_id: SELECT * FROM "users" WHERE ("users"."id" = 3 AND (interactions.role_id = 2)) [0m

ActiveRecord::StatementInvalid (SQLite3::SQLException: no such column: interactions.role_id: SELECT * FROM "users" WHERE ("users"."id" = 3 AND (interactions.role_id = 2)) ):
  app/controllers/teams_controller.rb:18:in `show'
  <internal:prelude>:10:in `synchronize'
  /Users/jacob/.rvm/rubies/ruby-1.9.2-p0/lib/ruby/1.9.1/webrick/httpserver.rb:111:in `service'
  /Users/jacob/.rvm/rubies/ruby-1.9.2-p0/lib/ruby/1.9.1/webrick/httpserver.rb:70:in `run'
  /Users/jacob/.rvm/rubies/ruby-1.9.2-p0/lib/ruby/1.9.1/webrick/server.rb:183:in `block in start_thread'

Rendered rescues/_trace (31.0ms)
Rendered rescues/_request_and_response (0.3ms)
Rendering rescues/layout (internal_server_error)
